<?xml version="1.0" encoding="utf-8"?><testsuites><testsuite name="pytest" errors="0" failures="8" skipped="0" tests="23" time="245.333" timestamp="2025-09-14T14:29:17.085819-07:00" hostname="Sunshine"><testcase classname="tests.e2e.test_e2e_api.TestE2EAPI" name="test_health_endpoints" time="0.994" /><testcase classname="tests.e2e.test_e2e_api.TestE2EAPI" name="test_store_and_retrieve_basic" time="6.991" /><testcase classname="tests.e2e.test_e2e_api.TestE2EAPI" name="test_store_and_retrieve_multiple_conversations" time="21.865" /><testcase classname="tests.e2e.test_e2e_api.TestE2EAPI" name="test_retrieve_with_filters" time="9.754" /><testcase classname="tests.e2e.test_e2e_api.TestE2EAPI" name="test_retrieve_pagination" time="24.921" /><testcase classname="tests.e2e.test_e2e_api.TestE2EAPI" name="test_error_handling" time="0.268"><failure message="assert 200 == 400&#10; +  where 200 = &lt;Response [200]&gt;.status_code">tests/e2e/test_e2e_api.py:207: in test_error_handling
    assert response.status_code == 400
E   assert 200 == 400
E    +  where 200 = &lt;Response [200]&gt;.status_code</failure></testcase><testcase classname="tests.e2e.test_e2e_api.TestE2EAPI" name="test_memory_quality_and_normalization" time="13.547" /><testcase classname="tests.e2e.test_e2e_api.TestE2EAPI" name="test_structured_retrieval" time="12.030"><failure message="assert 405 == 200&#10; +  where 405 = &lt;Response [405]&gt;.status_code">tests/e2e/test_e2e_api.py:271: in test_structured_retrieval
    assert response.status_code == 200
E   assert 405 == 200
E    +  where 405 = &lt;Response [405]&gt;.status_code</failure></testcase><testcase classname="tests.e2e.test_e2e_comprehensive.TestE2EComprehensive" name="test_store_all_conversations" time="33.437" /><testcase classname="tests.e2e.test_e2e_comprehensive.TestE2EComprehensive" name="test_retrieve_with_various_queries" time="5.527" /><testcase classname="tests.e2e.test_e2e_comprehensive.TestE2EComprehensive" name="test_memory_quality_evaluation" time="3.472"><failure message="AssertionError: Precision too low: 0.156&#10;assert 0.15625 &gt;= 0.3">tests/e2e/test_e2e_comprehensive.py:115: in test_memory_quality_evaluation
    assert metrics["precision"] &gt;= 0.3, f"Precision too low: {metrics['precision']:.3f}"
E   AssertionError: Precision too low: 0.156
E   assert 0.15625 &gt;= 0.3</failure></testcase><testcase classname="tests.e2e.test_e2e_comprehensive.TestE2EComprehensive" name="test_memory_normalization_quality" time="3.318" /><testcase classname="tests.e2e.test_e2e_comprehensive.TestE2EComprehensive" name="test_memory_categorization_quality" time="3.336" /><testcase classname="tests.e2e.test_e2e_comprehensive.TestE2EComprehensive" name="test_retrieval_relevance" time="4.611" /><testcase classname="tests.e2e.test_e2e_comprehensive.TestE2EComprehensive" name="test_structured_retrieval" time="3.006"><failure message="assert 405 == 200&#10; +  where 405 = &lt;Response [405]&gt;.status_code">tests/e2e/test_e2e_comprehensive.py:254: in test_structured_retrieval
    assert response.status_code == 200
E   assert 405 == 200
E    +  where 405 = &lt;Response [405]&gt;.status_code</failure></testcase><testcase classname="tests.e2e.test_e2e_comprehensive.TestE2EComprehensive" name="test_pagination_consistency" time="3.826" /><testcase classname="tests.e2e.test_e2e_comprehensive.TestE2EComprehensive" name="test_error_handling_robustness" time="0.320"><failure message="AssertionError: Expected status 400, got 200 for Empty query&#10;assert 200 == 400&#10; +  where 200 = &lt;Response [200]&gt;.status_code">tests/e2e/test_e2e_comprehensive.py:358: in test_error_handling_robustness
    assert response.status_code == test["expected_status"], \
E   AssertionError: Expected status 400, got 200 for Empty query
E   assert 200 == 400
E    +  where 200 = &lt;Response [200]&gt;.status_code</failure></testcase><testcase classname="tests.e2e.test_e2e_comprehensive.TestE2EComprehensive" name="test_performance_under_load" time="0.523" /><testcase classname="tests.e2e.test_e2e_evaluation.TestE2EEvaluation" name="test_memory_extraction_quality" time="37.514"><failure message="AssertionError: Recall too low: 0.182&#10;assert 0.18181818181818182 &gt;= 0.6">tests/e2e/test_e2e_evaluation.py:132: in test_memory_extraction_quality
    assert metrics["recall"] &gt;= 0.6, f"Recall too low: {metrics['recall']:.3f}"
E   AssertionError: Recall too low: 0.182
E   assert 0.18181818181818182 &gt;= 0.6</failure></testcase><testcase classname="tests.e2e.test_e2e_evaluation.TestE2EEvaluation" name="test_memory_normalization_quality" time="11.719" /><testcase classname="tests.e2e.test_e2e_evaluation.TestE2EEvaluation" name="test_memory_categorization_quality" time="15.095"><failure message="AssertionError: Expected multiple memory types, got: {'explicit'}&#10;assert 1 &gt; 1&#10; +  where 1 = len({'explicit'})">tests/e2e/test_e2e_evaluation.py:230: in test_memory_categorization_quality
    assert len(types_found) &gt; 1, f"Expected multiple memory types, got: {types_found}"
E   AssertionError: Expected multiple memory types, got: {'explicit'}
E   assert 1 &gt; 1
E    +  where 1 = len({'explicit'})</failure></testcase><testcase classname="tests.e2e.test_e2e_evaluation.TestE2EEvaluation" name="test_memory_retrieval_relevance" time="18.314" /><testcase classname="tests.e2e.test_e2e_evaluation.TestE2EEvaluation" name="test_memory_persistence_and_consistency" time="10.687"><failure message="AssertionError: Expected content not found: User is planning a vacation to Japan next month.&#10;assert False&#10; +  where False = any(&lt;generator object TestE2EEvaluation.test_memory_persistence_and_consistency.&lt;locals&gt;.&lt;genexpr&gt; at 0x700690b6b6b0&gt;)">tests/e2e/test_e2e_evaluation.py:341: in test_memory_persistence_and_consistency
    assert any(expected in result for result in all_results), f"Expected content not found: {expected}"
E   AssertionError: Expected content not found: User is planning a vacation to Japan next month.
E   assert False
E    +  where False = any(&lt;generator object TestE2EEvaluation.test_memory_persistence_and_consistency.&lt;locals&gt;.&lt;genexpr&gt; at 0x700690b6b6b0&gt;)</failure></testcase></testsuite></testsuites>